<?xml version="1.0" encoding="UTF-8"?>
<testng-results ignored="0" total="1" passed="0" failed="1" skipped="0">
  <reporter-output>
  </reporter-output>
  <suite started-at="2022-09-05T22:24:44 AST" name="Default suite" finished-at="2022-09-05T22:25:34 AST" duration-ms="50469">
    <groups>
    </groups>
    <test started-at="2022-09-05T22:24:44 AST" name="Default test" finished-at="2022-09-05T22:25:34 AST" duration-ms="50469">
      <class name="FinalProject.CONEECTCUSTOMER">
        <test-method signature="login()[pri:2, instance:FinalProject.CONEECTCUSTOMER@76f2bbc1]" started-at="2022-09-05T22:24:44 AST" name="login" finished-at="2022-09-05T22:25:34 AST" duration-ms="50434" status="FAIL">
          <exception class="org.openqa.selenium.TimeoutException">
            <message>
              <![CDATA[Build info: version: '4.4.0', revision: 'e5c75ed026a'
System info: host: 'Rehams-MBP', ip: '2a02:cb80:4097:62b9:8f4:5854:a4ec:2%en0', os.name: 'Mac OS X', os.arch: 'x86_64', os.version: '12.5.1', java.version: '18.0.1'
Driver info: org.openqa.selenium.safari.SafariDriver
Command: [E7130070-9CF6-4D34-A2BC-3C4A965DF893, findElement {using=xpath, value=}]
Capabilities {acceptInsecureCerts: false, browserName: Safari, browserVersion: 15.6.1, platformName: MAC, safari:automaticInspection: false, safari:automaticProfiling: false, safari:diagnose: false, safari:platformBuildVersion: 21G83, safari:platformVersion: 12.5.1, safari:useSimulator: false, setWindowRect: true, strictFileInteractability: false, webkit:WebRTC: {DisableICECandidateFiltering: false, DisableInsecureMediaCapture: false}}
Session ID: E7130070-9CF6-4D34-A2BC-3C4A965DF893]]>
            </message>
            <full-stacktrace>
              <![CDATA[org.openqa.selenium.TimeoutException: Build info: version: '4.4.0', revision: 'e5c75ed026a'
System info: host: 'Rehams-MBP', ip: '2a02:cb80:4097:62b9:8f4:5854:a4ec:2%en0', os.name: 'Mac OS X', os.arch: 'x86_64', os.version: '12.5.1', java.version: '18.0.1'
Driver info: org.openqa.selenium.safari.SafariDriver
Command: [E7130070-9CF6-4D34-A2BC-3C4A965DF893, findElement {using=xpath, value=}]
Capabilities {acceptInsecureCerts: false, browserName: Safari, browserVersion: 15.6.1, platformName: MAC, safari:automaticInspection: false, safari:automaticProfiling: false, safari:diagnose: false, safari:platformBuildVersion: 21G83, safari:platformVersion: 12.5.1, safari:useSimulator: false, setWindowRect: true, strictFileInteractability: false, webkit:WebRTC: {DisableICECandidateFiltering: false, DisableInsecureMediaCapture: false}}
Session ID: E7130070-9CF6-4D34-A2BC-3C4A965DF893
at java.base/jdk.internal.reflect.DirectConstructorHandleAccessor.newInstance(DirectConstructorHandleAccessor.java:67)
at java.base/java.lang.reflect.Constructor.newInstanceWithCaller(Constructor.java:499)
at java.base/java.lang.reflect.Constructor.newInstance(Constructor.java:483)
at org.openqa.selenium.remote.codec.w3c.W3CHttpResponseCodec.createException(W3CHttpResponseCodec.java:200)
at org.openqa.selenium.remote.codec.w3c.W3CHttpResponseCodec.decode(W3CHttpResponseCodec.java:133)
at org.openqa.selenium.remote.codec.w3c.W3CHttpResponseCodec.decode(W3CHttpResponseCodec.java:53)
at org.openqa.selenium.remote.HttpCommandExecutor.execute(HttpCommandExecutor.java:184)
at org.openqa.selenium.remote.service.DriverCommandExecutor.invokeExecute(DriverCommandExecutor.java:167)
at org.openqa.selenium.remote.service.DriverCommandExecutor.execute(DriverCommandExecutor.java:142)
at org.openqa.selenium.remote.RemoteWebDriver.execute(RemoteWebDriver.java:547)
at org.openqa.selenium.remote.ElementLocation$ElementFinder$2.findElement(ElementLocation.java:162)
at org.openqa.selenium.remote.ElementLocation.findElement(ElementLocation.java:60)
at org.openqa.selenium.remote.RemoteWebDriver.findElement(RemoteWebDriver.java:365)
at org.openqa.selenium.remote.RemoteWebDriver.findElement(RemoteWebDriver.java:357)
at FinalProject.CONEECTCUSTOMER.login(CONEECTCUSTOMER.java:91)
at java.base/jdk.internal.reflect.DirectMethodHandleAccessor.invoke(DirectMethodHandleAccessor.java:104)
at java.base/java.lang.reflect.Method.invoke(Method.java:577)
at org.testng.internal.MethodInvocationHelper.invokeMethod(MethodInvocationHelper.java:133)
at org.testng.internal.TestInvoker.invokeMethod(TestInvoker.java:598)
at org.testng.internal.TestInvoker.invokeTestMethod(TestInvoker.java:173)
at org.testng.internal.MethodRunner.runInSequence(MethodRunner.java:46)
at org.testng.internal.TestInvoker$MethodInvocationAgent.invoke(TestInvoker.java:824)
at org.testng.internal.TestInvoker.invokeTestMethods(TestInvoker.java:146)
at org.testng.internal.TestMethodWorker.invokeTestMethods(TestMethodWorker.java:146)
at org.testng.internal.TestMethodWorker.run(TestMethodWorker.java:128)
at java.base/java.util.ArrayList.forEach(ArrayList.java:1511)
at org.testng.TestRunner.privateRun(TestRunner.java:794)
at org.testng.TestRunner.run(TestRunner.java:596)
at org.testng.SuiteRunner.runTest(SuiteRunner.java:377)
at org.testng.SuiteRunner.runSequentially(SuiteRunner.java:371)
at org.testng.SuiteRunner.privateRun(SuiteRunner.java:332)
at org.testng.SuiteRunner.run(SuiteRunner.java:276)
at org.testng.SuiteRunnerWorker.runSuite(SuiteRunnerWorker.java:53)
at org.testng.SuiteRunnerWorker.run(SuiteRunnerWorker.java:96)
at org.testng.TestNG.runSuitesSequentially(TestNG.java:1212)
at org.testng.TestNG.runSuitesLocally(TestNG.java:1134)
at org.testng.TestNG.runSuites(TestNG.java:1063)
at org.testng.TestNG.run(TestNG.java:1031)
at org.testng.remote.AbstractRemoteTestNG.run(AbstractRemoteTestNG.java:115)
at org.testng.remote.RemoteTestNG.initAndRun(RemoteTestNG.java:251)
at org.testng.remote.RemoteTestNG.main(RemoteTestNG.java:77)
]]>
            </full-stacktrace>
          </exception> <!-- org.openqa.selenium.TimeoutException -->
          <reporter-output>
          </reporter-output>
        </test-method> <!-- login -->
      </class> <!-- FinalProject.CONEECTCUSTOMER -->
    </test> <!-- Default test -->
  </suite> <!-- Default suite -->
</testng-results>
